# JRE version: Java(TM) SE Runtime Environment (21.0.7+8) (build 21.0.7+8-LTS-245)
# Java VM: Java HotSpot(TM) 64-Bit Server VM (21.0.7+8-LTS-245, mixed mode, sharing, tiered, compressed oops, compressed class ptrs, g1 gc, windows-amd64)
GC Precious Log:
 CardTable entry size: 512
 Card Set container configuration: InlinePtr #cards 5 size 8 Array Of Cards #cards 12 size 40 Howl #buckets 4 coarsen threshold 1843 Howl Bitmap #cards 512 size 80 coarsen threshold 460 Card regions per heap region 1 cards per card region 2048
 CPUs: 8 total, 8 available
 Memory: 3978M
 Large Page Support: Disabled
 NUMA Support: Disabled
 Compressed Oops: Enabled (32-bit)
 Heap Region Size: 1M
 Heap Min Capacity: 8M
 Heap Initial Capacity: 64M
 Heap Max Capacity: 996M
 Pre-touch: Disabled
 Parallel Workers: 8
 Concurrent Workers: 2
 Concurrent Refinement Workers: 8
 Periodic GC: Disabled
Heap:
 garbage-first heap   total 229376K, used 70744K [0x00000000c1c00000, 0x0000000100000000)
  region size 1024K, 1 young (1024K), 1 survivors (1024K)
 Metaspace       used 121871K, committed 122880K, reserved 1179648K
  class space    used 14420K, committed 14912K, reserved 1048576K
GC Heap History (20 events):
Event: 1138.882 GC heap after
{Heap after GC invocations=77 (full 3):
 garbage-first heap   total 229376K, used 67216K [0x00000000c1c00000, 0x0000000100000000)
  region size 1024K, 6 young (6144K), 6 survivors (6144K)
 Metaspace       used 118673K, committed 119744K, reserved 1179648K
  class space    used 14197K, committed 14720K, reserved 1048576K
}
Event: 1210.867 GC heap before
{Heap before GC invocations=78 (full 3):
 garbage-first heap   total 229376K, used 198288K [0x00000000c1c00000, 0x0000000100000000)
  region size 1024K, 134 young (137216K), 6 survivors (6144K)
 Metaspace       used 119498K, committed 120576K, reserved 1179648K
  class space    used 14264K, committed 14784K, reserved 1048576K
}
Event: 1210.929 GC heap after
{Heap after GC invocations=79 (full 3):
 garbage-first heap   total 229376K, used 70238K [0x00000000c1c00000, 0x0000000100000000)
  region size 1024K, 9 young (9216K), 9 survivors (9216K)
 Metaspace       used 119498K, committed 120576K, reserved 1179648K
  class space    used 14264K, committed 14784K, reserved 1048576K
}
Event: 1379.339 GC heap before
{Heap before GC invocations=79 (full 3):
 garbage-first heap   total 229376K, used 198238K [0x00000000c1c00000, 0x0000000100000000)
  region size 1024K, 134 young (137216K), 9 survivors (9216K)
 Metaspace       used 119714K, committed 120768K, reserved 1179648K
  class space    used 14270K, committed 14784K, reserved 1048576K
}
Event: 1379.525 GC heap after
{Heap after GC invocations=80 (full 3):
 garbage-first heap   total 229376K, used 72590K [0x00000000c1c00000, 0x0000000100000000)
  region size 1024K, 11 young (11264K), 11 survivors (11264K)
 Metaspace       used 119714K, committed 120768K, reserved 1179648K
  class space    used 14270K, committed 14784K, reserved 1048576K
}
Event: 1564.950 GC heap before
{Heap before GC invocations=80 (full 3):
 garbage-first heap   total 229376K, used 197518K [0x00000000c1c00000, 0x0000000100000000)
  region size 1024K, 134 young (137216K), 11 survivors (11264K)
 Metaspace       used 119869K, committed 121024K, reserved 1179648K
  class space    used 14280K, committed 14848K, reserved 1048576K
}
Event: 1565.827 GC heap after
{Heap after GC invocations=81 (full 3):
 garbage-first heap   total 229376K, used 72384K [0x00000000c1c00000, 0x0000000100000000)
  region size 1024K, 8 young (8192K), 8 survivors (8192K)
 Metaspace       used 119869K, committed 121024K, reserved 1179648K
  class space    used 14280K, committed 14848K, reserved 1048576K
}
Event: 1575.599 GC heap before
{Heap before GC invocations=82 (full 3):
 garbage-first heap   total 229376K, used 75456K [0x00000000c1c00000, 0x0000000100000000)
  region size 1024K, 11 young (11264K), 8 survivors (8192K)
 Metaspace       used 119845K, committed 121024K, reserved 1179648K
  class space    used 14273K, committed 14848K, reserved 1048576K
}
Event: 1575.810 GC heap after
{Heap after GC invocations=83 (full 3):
 garbage-first heap   total 229376K, used 73315K [0x00000000c1c00000, 0x0000000100000000)
  region size 1024K, 2 young (2048K), 2 survivors (2048K)
 Metaspace       used 119845K, committed 121024K, reserved 1179648K
  class space    used 14273K, committed 14848K, reserved 1048576K
}
Event: 1809.319 GC heap before
{Heap before GC invocations=83 (full 3):
 garbage-first heap   total 229376K, used 208483K [0x00000000c1c00000, 0x0000000100000000)
  region size 1024K, 134 young (137216K), 2 survivors (2048K)
 Metaspace       used 119845K, committed 121024K, reserved 1179648K
  class space    used 14273K, committed 14848K, reserved 1048576K
}
Event: 1809.414 GC heap after
{Heap after GC invocations=84 (full 3):
 garbage-first heap   total 229376K, used 70439K [0x00000000c1c00000, 0x0000000100000000)
  region size 1024K, 1 young (1024K), 1 survivors (1024K)
 Metaspace       used 119845K, committed 121024K, reserved 1179648K
  class space    used 14273K, committed 14848K, reserved 1048576K
}
Event: 1973.163 GC heap before
{Heap before GC invocations=84 (full 3):
 garbage-first heap   total 229376K, used 205607K [0x00000000c1c00000, 0x0000000100000000)
  region size 1024K, 134 young (137216K), 1 survivors (1024K)
 Metaspace       used 120242K, committed 121408K, reserved 1179648K
  class space    used 14287K, committed 14848K, reserved 1048576K
}
Event: 1973.263 GC heap after
{Heap after GC invocations=85 (full 3):
 garbage-first heap   total 229376K, used 70530K [0x00000000c1c00000, 0x0000000100000000)
  region size 1024K, 1 young (1024K), 1 survivors (1024K)
 Metaspace       used 120242K, committed 121408K, reserved 1179648K
  class space    used 14287K, committed 14848K, reserved 1048576K
}
Event: 2231.814 GC heap before
{Heap before GC invocations=86 (full 3):
 garbage-first heap   total 229376K, used 205698K [0x00000000c1c00000, 0x0000000100000000)
  region size 1024K, 134 young (137216K), 1 survivors (1024K)
 Metaspace       used 121841K, committed 122880K, reserved 1179648K
  class space    used 14415K, committed 14912K, reserved 1048576K
}
Event: 2246.853 GC heap after
{Heap after GC invocations=87 (full 3):
 garbage-first heap   total 229376K, used 72552K [0x00000000c1c00000, 0x0000000100000000)
  region size 1024K, 3 young (3072K), 3 survivors (3072K)
 Metaspace       used 121841K, committed 122880K, reserved 1179648K
  class space    used 14415K, committed 14912K, reserved 1048576K
}
Event: 2274.163 GC heap before
{Heap before GC invocations=87 (full 3):
 garbage-first heap   total 229376K, used 80744K [0x00000000c1c00000, 0x0000000100000000)
  region size 1024K, 11 young (11264K), 3 survivors (3072K)
 Metaspace       used 121867K, committed 122880K, reserved 1179648K
  class space    used 14419K, committed 14912K, reserved 1048576K
}
Event: 2279.075 GC heap after
{Heap after GC invocations=88 (full 3):
 garbage-first heap   total 229376K, used 72049K [0x00000000c1c00000, 0x0000000100000000)
  region size 1024K, 1 young (1024K), 1 survivors (1024K)
 Metaspace       used 121867K, committed 122880K, reserved 1179648K
  class space    used 14419K, committed 14912K, reserved 1048576K
}
Event: 2301.264 GC heap before
{Heap before GC invocations=88 (full 3):
 garbage-first heap   total 229376K, used 82289K [0x00000000c1c00000, 0x0000000100000000)
  region size 1024K, 11 young (11264K), 1 survivors (1024K)
 Metaspace       used 121871K, committed 122880K, reserved 1179648K
  class space    used 14420K, committed 14912K, reserved 1048576K
}
Event: 2313.539 GC heap after
{Heap after GC invocations=89 (full 3):
 garbage-first heap   total 229376K, used 71306K [0x00000000c1c00000, 0x0000000100000000)
  region size 1024K, 1 young (1024K), 1 survivors (1024K)
 Metaspace       used 121871K, committed 122880K, reserved 1179648K
  class space    used 14420K, committed 14912K, reserved 1048576K
}
Event: 2370.730 GC heap before
{Heap before GC invocations=89 (full 3):
 garbage-first heap   total 229376K, used 80522K [0x00000000c1c00000, 0x0000000100000000)
  region size 1024K, 11 young (11264K), 1 survivors (1024K)
 Metaspace       used 121871K, committed 122880K, reserved 1179648K
  class space    used 14420K, committed 14912K, reserved 1048576K
}

